[debug] [2025-02-06T06:20:54.052Z] ----------------------------------------------------------------------
[debug] [2025-02-06T06:20:54.054Z] Command:       C:\Program Files\nodejs\node.exe C:\Users\ASUS\AppData\Roaming\npm\node_modules\firebase-tools\lib\bin\firebase.js functions:shell
[debug] [2025-02-06T06:20:54.055Z] CLI Version:   13.30.0
[debug] [2025-02-06T06:20:54.055Z] Platform:      win32
[debug] [2025-02-06T06:20:54.055Z] Node Version:  v22.13.1
[debug] [2025-02-06T06:20:54.055Z] Time:          Thu Feb 06 2025 11:50:54 GMT+0530 (India Standard Time)
[debug] [2025-02-06T06:20:54.055Z] ----------------------------------------------------------------------
[debug] 
[debug] [2025-02-06T06:20:54.060Z] >>> [apiv2][query] GET https://firebase-public.firebaseio.com/cli.json [none]
[debug] [2025-02-06T06:20:54.325Z] > command requires scopes: ["email","openid","https://www.googleapis.com/auth/cloudplatformprojects.readonly","https://www.googleapis.com/auth/firebase","https://www.googleapis.com/auth/cloud-platform"]
[debug] [2025-02-06T06:20:54.325Z] > authorizing via signed-in user (madhuripriya1214@gmail.com)
[debug] [2025-02-06T06:20:54.325Z] [iam] checking project college-management-proje-70ee7 for permissions ["firebase.projects.get"]
[debug] [2025-02-06T06:20:54.326Z] Checked if tokens are valid: false, expires at: 1738814237984
[debug] [2025-02-06T06:20:54.326Z] Checked if tokens are valid: false, expires at: 1738814237984
[debug] [2025-02-06T06:20:54.327Z] > refreshing access token with scopes: []
[debug] [2025-02-06T06:20:54.328Z] >>> [apiv2][query] POST https://www.googleapis.com/oauth2/v3/token [none]
[debug] [2025-02-06T06:20:54.328Z] >>> [apiv2][body] POST https://www.googleapis.com/oauth2/v3/token [omitted]
[debug] [2025-02-06T06:20:54.532Z] <<< [apiv2][status] POST https://www.googleapis.com/oauth2/v3/token 200
[debug] [2025-02-06T06:20:54.533Z] <<< [apiv2][body] POST https://www.googleapis.com/oauth2/v3/token [omitted]
[debug] [2025-02-06T06:20:54.544Z] >>> [apiv2][query] POST https://cloudresourcemanager.googleapis.com/v1/projects/college-management-proje-70ee7:testIamPermissions [none]
[debug] [2025-02-06T06:20:54.544Z] >>> [apiv2][(partial)header] POST https://cloudresourcemanager.googleapis.com/v1/projects/college-management-proje-70ee7:testIamPermissions x-goog-quota-user=projects/college-management-proje-70ee7
[debug] [2025-02-06T06:20:54.544Z] >>> [apiv2][body] POST https://cloudresourcemanager.googleapis.com/v1/projects/college-management-proje-70ee7:testIamPermissions {"permissions":["firebase.projects.get"]}
[debug] [2025-02-06T06:20:54.959Z] <<< [apiv2][status] GET https://firebase-public.firebaseio.com/cli.json 200
[debug] [2025-02-06T06:20:54.959Z] <<< [apiv2][body] GET https://firebase-public.firebaseio.com/cli.json {"cloudBuildErrorAfter":1594252800000,"cloudBuildWarnAfter":1590019200000,"defaultNode10After":1594252800000,"minVersion":"3.0.5","node8DeploysDisabledAfter":1613390400000,"node8RuntimeDisabledAfter":1615809600000,"node8WarnAfter":1600128000000}
[debug] [2025-02-06T06:20:56.028Z] <<< [apiv2][status] POST https://cloudresourcemanager.googleapis.com/v1/projects/college-management-proje-70ee7:testIamPermissions 200
[debug] [2025-02-06T06:20:56.028Z] <<< [apiv2][body] POST https://cloudresourcemanager.googleapis.com/v1/projects/college-management-proje-70ee7:testIamPermissions {"permissions":["firebase.projects.get"]}
[debug] [2025-02-06T06:20:56.034Z] [functions] Functions Emulator only supports listening on one address (127.0.0.1). Not listening on ::1
[debug] [2025-02-06T06:20:56.037Z] defaultcredentials: writing to file C:\Users\ASUS\AppData\Roaming\firebase\madhuripriya1214_gmail_com_application_default_credentials.json
[debug] [2025-02-06T06:20:56.039Z] DEBUG: Setting GAC to C:\Users\ASUS\AppData\Roaming\firebase\madhuripriya1214_gmail_com_application_default_credentials.json
[debug] [2025-02-06T06:20:56.040Z] Checked if tokens are valid: true, expires at: 1738826453533
[debug] [2025-02-06T06:20:56.040Z] Checked if tokens are valid: true, expires at: 1738826453533
[debug] [2025-02-06T06:20:56.041Z] >>> [apiv2][query] GET https://firebase.googleapis.com/v1beta1/projects/college-management-proje-70ee7/adminSdkConfig [none]
[debug] [2025-02-06T06:20:56.678Z] <<< [apiv2][status] GET https://firebase.googleapis.com/v1beta1/projects/college-management-proje-70ee7/adminSdkConfig 200
[debug] [2025-02-06T06:20:56.678Z] <<< [apiv2][body] GET https://firebase.googleapis.com/v1beta1/projects/college-management-proje-70ee7/adminSdkConfig {"projectId":"college-management-proje-70ee7","storageBucket":"college-management-proje-70ee7.firebasestorage.app"}
[debug] [2025-02-06T06:20:56.705Z] [functions] Watching "C:\Users\ASUS\project\collegemanagementsystem\functions" for Cloud Functions...
[debug] [2025-02-06T06:20:56.710Z] Validating nodejs source
[debug] [2025-02-06T06:20:58.669Z] > [functions] package.json contents: {
  "name": "functions",
  "description": "Cloud Functions for Firebase",
  "scripts": {
    "lint": "eslint .",
    "serve": "firebase emulators:start --only functions",
    "shell": "firebase functions:shell",
    "start": "npm run shell",
    "deploy": "firebase deploy --only functions",
    "logs": "firebase functions:log"
  },
  "engines": {
    "node": "22"
  },
  "main": "index.js",
  "dependencies": {
    "firebase-admin": "^12.6.0",
    "firebase-functions": "^6.3.1"
  },
  "devDependencies": {
    "eslint": "^8.15.0",
    "eslint-config-google": "^0.14.0",
    "firebase-functions-test": "^3.1.0"
  },
  "private": true
}
[debug] [2025-02-06T06:20:58.670Z] Building nodejs source
[debug] [2025-02-06T06:20:58.670Z] Failed to find version of module node: reached end of search path C:\Users\ASUS\project\collegemanagementsystem\functions\node_modules
[info] +  functions: Using node@22 from host. 
[debug] [2025-02-06T06:20:58.673Z] Could not find functions.yaml. Must use http discovery
[debug] [2025-02-06T06:20:58.681Z] Found firebase-functions binary at 'C:\Users\ASUS\project\collegemanagementsystem\functions\node_modules\.bin\firebase-functions'
[info] Serving at port 8655

[debug] [2025-02-06T06:20:59.716Z] Got response from /__/functions.yaml {"endpoints":{"helloWorld":{"availableMemoryMb":null,"timeoutSeconds":null,"minInstances":null,"maxInstances":null,"ingressSettings":null,"concurrency":null,"serviceAccountEmail":null,"vpc":null,"platform":"gcfv2","labels":{},"httpsTrigger":{},"entryPoint":"helloWorld"}},"specVersion":"v1alpha1","requiredAPIs":[],"extensions":{}}
[debug] [2025-02-06T06:21:03.775Z] [functions] Loaded functions definitions from source: helloWorld.
[debug] [2025-02-06T06:21:03.775Z] [functions[us-central1-helloWorld]] http function initialized (http://127.0.0.1:5000/college-management-proje-70ee7/us-central1/helloWorld).
[info] i  functions: Loaded functions: helloWorld 
[warn] !  functions: The following emulators are not running, calls to these services will affect production: firestore, database, pubsub, storage, eventarc, tasks 
